<?xml version="1.0" encoding="UTF-8"?>
<testng-results skipped="0" failed="0" ignored="0" total="1" passed="1">
  <reporter-output>
  </reporter-output>
  <suite name="Default suite" duration-ms="14896" started-at="2018-12-22T20:55:56Z" finished-at="2018-12-22T20:56:11Z">
    <groups>
    </groups>
    <test name="Default test" duration-ms="14896" started-at="2018-12-22T20:55:56Z" finished-at="2018-12-22T20:56:11Z">
      <class name="tests.SearchProductTest">
        <test-method status="PASS" signature="startDriver(java.lang.String)[pri:0, instance:tests.SearchProductTest@685cb137]" name="startDriver" is-config="true" duration-ms="33451" started-at="2018-12-22T20:55:23Z" finished-at="2018-12-22T20:55:56Z">
          <params>
            <param index="0">
              <value>
                <![CDATA[chrome]]>
              </value>
            </param>
          </params>
          <reporter-output>
          </reporter-output>
        </test-method> <!-- startDriver -->
        <test-method status="PASS" signature="UserCanSearchForProducts()[pri:0, instance:tests.SearchProductTest@685cb137]" name="UserCanSearchForProducts" duration-ms="14726" started-at="2018-12-22T20:55:57Z" finished-at="2018-12-22T20:56:11Z">
          <reporter-output>
          </reporter-output>
        </test-method> <!-- UserCanSearchForProducts -->
        <test-method status="PASS" signature="screenshotOnFailure(org.testng.ITestResult)[pri:0, instance:tests.SearchProductTest@685cb137]" name="screenshotOnFailure" is-config="true" duration-ms="4" started-at="2018-12-22T20:56:11Z" finished-at="2018-12-22T20:56:11Z">
          <params>
            <param index="0">
              <value>
                <![CDATA[[TestResult name=UserCanSearchForProducts status=SUCCESS method=SearchProductTest.UserCanSearchForProducts()[pri:0, instance:tests.SearchProductTest@685cb137] output={null}]]]>
              </value>
            </param>
          </params>
          <reporter-output>
          </reporter-output>
        </test-method> <!-- screenshotOnFailure -->
        <test-method status="PASS" signature="stopDriver()[pri:0, instance:tests.SearchProductTest@685cb137]" name="stopDriver" is-config="true" duration-ms="2493" started-at="2018-12-22T20:56:12Z" finished-at="2018-12-22T20:56:15Z">
          <reporter-output>
          </reporter-output>
        </test-method> <!-- stopDriver -->
      </class> <!-- tests.SearchProductTest -->
    </test> <!-- Default test -->
  </suite> <!-- Default suite -->
</testng-results>
